[debug] [2023-09-28T07:20:38.011Z] ----------------------------------------------------------------------
[debug] [2023-09-28T07:20:38.018Z] Command:       C:\Program Files\nodejs\node.exe C:\Users\Sid297\AppData\Roaming\npm\node_modules\firebase-tools\lib\bin\firebase.js login:ci
[debug] [2023-09-28T07:20:38.020Z] CLI Version:   12.6.0
[debug] [2023-09-28T07:20:38.021Z] Platform:      win32
[debug] [2023-09-28T07:20:38.021Z] Node Version:  v19.3.0
[debug] [2023-09-28T07:20:38.021Z] Time:          Thu Sep 28 2023 12:50:38 GMT+0530 (India Standard Time)
[debug] [2023-09-28T07:20:38.022Z] ----------------------------------------------------------------------
[debug] 
[warn] !  Authenticating with a `login:ci` token is deprecated and will be removed in a future major version of `firebase-tools`. Instead, use a service account key with `GOOGLE_APPLICATION_CREDENTIALS`: https://cloud.google.com/docs/authentication/getting-started 
[info] 
[info] Visit this URL on this device to log in:
[info] https://accounts.google.com/o/oauth2/auth?client_id=563584335869-fgrhgmd47bqnekij5i8b5pr03ho849e6.apps.googleusercontent.com&scope=email%20openid%20https%3A%2F%2Fwww.googleapis.com%2Fauth%2Fcloudplatformprojects.readonly%20https%3A%2F%2Fwww.googleapis.com%2Fauth%2Ffirebase%20https%3A%2F%2Fwww.googleapis.com%2Fauth%2Fcloud-platform&response_type=code&state=321386552&redirect_uri=http%3A%2F%2Flocalhost%3A9005
[info] 
[info] Waiting for authentication...
[debug] [2023-09-28T07:20:38.298Z] Error: spawn cmd ENOENT
    at ChildProcess._handle.onexit (node:internal/child_process:285:19)
    at onErrorNT (node:internal/child_process:483:16)
    at process.processTicksAndRejections (node:internal/process/task_queues:82:21)
[error] 
[error] Error: An unexpected error has occurred.
[debug] [2023-09-28T07:21:57.506Z] ----------------------------------------------------------------------
[debug] [2023-09-28T07:21:57.511Z] Command:       C:\Program Files\nodejs\node.exe C:\Users\Sid297\AppData\Roaming\npm\node_modules\firebase-tools\lib\bin\firebase.js login:ci
[debug] [2023-09-28T07:21:57.511Z] CLI Version:   12.6.0
[debug] [2023-09-28T07:21:57.512Z] Platform:      win32
[debug] [2023-09-28T07:21:57.512Z] Node Version:  v19.3.0
[debug] [2023-09-28T07:21:57.512Z] Time:          Thu Sep 28 2023 12:51:57 GMT+0530 (India Standard Time)
[debug] [2023-09-28T07:21:57.512Z] ----------------------------------------------------------------------
[debug] 
[warn] !  Authenticating with a `login:ci` token is deprecated and will be removed in a future major version of `firebase-tools`. Instead, use a service account key with `GOOGLE_APPLICATION_CREDENTIALS`: https://cloud.google.com/docs/authentication/getting-started 
[info] 
[info] Visit this URL on this device to log in:
[info] https://accounts.google.com/o/oauth2/auth?client_id=563584335869-fgrhgmd47bqnekij5i8b5pr03ho849e6.apps.googleusercontent.com&scope=email%20openid%20https%3A%2F%2Fwww.googleapis.com%2Fauth%2Fcloudplatformprojects.readonly%20https%3A%2F%2Fwww.googleapis.com%2Fauth%2Ffirebase%20https%3A%2F%2Fwww.googleapis.com%2Fauth%2Fcloud-platform&response_type=code&state=923869369&redirect_uri=http%3A%2F%2Flocalhost%3A9005
[info] 
[info] Waiting for authentication...
[debug] [2023-09-28T07:21:57.642Z] Error: spawn cmd ENOENT
    at ChildProcess._handle.onexit (node:internal/child_process:285:19)
    at onErrorNT (node:internal/child_process:483:16)
    at process.processTicksAndRejections (node:internal/process/task_queues:82:21)
[error] 
[error] Error: An unexpected error has occurred.
